<?xml version="1.0" encoding="UTF-8"?>
<testsuite xmlns:xsi="http://www.w3.org/2001/XMLSchema-instance" xsi:noNamespaceSchemaLocation="https://maven.apache.org/surefire/maven-surefire-plugin/xsd/surefire-test-report.xsd" name="Smoke steps" time="74.007" tests="21" errors="1" skipped="0" failures="1">
  <properties>
    <property name="gopherProxySet" value="false"/>
    <property name="awt.toolkit" value="sun.lwawt.macosx.LWCToolkit"/>
    <property name="file.encoding.pkg" value="sun.io"/>
    <property name="java.specification.version" value="1.8"/>
    <property name="sun.cpu.isalist" value=""/>
    <property name="sun.jnu.encoding" value="UTF-8"/>
    <property name="java.class.path" value="/Users/rolando/git/skryabin/java-webdriver-cucumber/target/test-classes:/Users/rolando/git/skryabin/java-webdriver-cucumber/target/classes:/Users/rolando/.m2/repository/junit/junit/4.12/junit-4.12.jar:/Users/rolando/.m2/repository/org/hamcrest/hamcrest-core/1.3/hamcrest-core-1.3.jar:/Users/rolando/.m2/repository/org/apache/maven/surefire/surefire-junit47/3.0.0-M1/surefire-junit47-3.0.0-M1.jar:/Users/rolando/.m2/repository/org/apache/maven/surefire/common-junit48/3.0.0-M1/common-junit48-3.0.0-M1.jar:/Users/rolando/.m2/repository/org/apache/maven/surefire/common-junit4/3.0.0-M1/common-junit4-3.0.0-M1.jar:/Users/rolando/.m2/repository/org/apache/maven/surefire/common-junit3/3.0.0-M1/common-junit3-3.0.0-M1.jar:/Users/rolando/.m2/repository/org/apache/maven/surefire/common-java5/3.0.0-M1/common-java5-3.0.0-M1.jar:/Users/rolando/.m2/repository/org/apache/maven/shared/maven-shared-utils/3.1.0/maven-shared-utils-3.1.0.jar:/Users/rolando/.m2/repository/org/apache/maven/surefire/surefire-grouper/3.0.0-M1/surefire-grouper-3.0.0-M1.jar:/Users/rolando/.m2/repository/org/apache/maven/surefire/surefire-api/3.0.0-M1/surefire-api-3.0.0-M1.jar:/Users/rolando/.m2/repository/org/apache/maven/surefire/surefire-logger-api/3.0.0-M1/surefire-logger-api-3.0.0-M1.jar:/Users/rolando/.m2/repository/org/testng/testng/6.9.10/testng-6.9.10.jar:/Users/rolando/.m2/repository/com/beust/jcommander/1.48/jcommander-1.48.jar:/Users/rolando/.m2/repository/org/beanshell/bsh/2.0b4/bsh-2.0b4.jar:/Users/rolando/.m2/repository/org/seleniumhq/selenium/selenium-java/3.14.0/selenium-java-3.14.0.jar:/Users/rolando/.m2/repository/org/seleniumhq/selenium/selenium-api/3.14.0/selenium-api-3.14.0.jar:/Users/rolando/.m2/repository/org/seleniumhq/selenium/selenium-edge-driver/3.14.0/selenium-edge-driver-3.14.0.jar:/Users/rolando/.m2/repository/org/seleniumhq/selenium/selenium-ie-driver/3.14.0/selenium-ie-driver-3.14.0.jar:/Users/rolando/.m2/repository/org/seleniumhq/selenium/selenium-opera-driver/3.14.0/selenium-opera-driver-3.14.0.jar:/Users/rolando/.m2/repository/org/seleniumhq/selenium/selenium-support/3.14.0/selenium-support-3.14.0.jar:/Users/rolando/.m2/repository/net/bytebuddy/byte-buddy/1.8.15/byte-buddy-1.8.15.jar:/Users/rolando/.m2/repository/org/apache/commons/commons-exec/1.3/commons-exec-1.3.jar:/Users/rolando/.m2/repository/commons-codec/commons-codec/1.10/commons-codec-1.10.jar:/Users/rolando/.m2/repository/commons-logging/commons-logging/1.2/commons-logging-1.2.jar:/Users/rolando/.m2/repository/com/google/guava/guava/25.0-jre/guava-25.0-jre.jar:/Users/rolando/.m2/repository/com/google/code/findbugs/jsr305/1.3.9/jsr305-1.3.9.jar:/Users/rolando/.m2/repository/org/checkerframework/checker-compat-qual/2.0.0/checker-compat-qual-2.0.0.jar:/Users/rolando/.m2/repository/com/google/errorprone/error_prone_annotations/2.1.3/error_prone_annotations-2.1.3.jar:/Users/rolando/.m2/repository/com/google/j2objc/j2objc-annotations/1.1/j2objc-annotations-1.1.jar:/Users/rolando/.m2/repository/org/codehaus/mojo/animal-sniffer-annotations/1.14/animal-sniffer-annotations-1.14.jar:/Users/rolando/.m2/repository/org/apache/httpcomponents/httpclient/4.5.5/httpclient-4.5.5.jar:/Users/rolando/.m2/repository/org/apache/httpcomponents/httpcore/4.4.9/httpcore-4.4.9.jar:/Users/rolando/.m2/repository/com/squareup/okhttp3/okhttp/3.10.0/okhttp-3.10.0.jar:/Users/rolando/.m2/repository/com/squareup/okio/okio/1.14.1/okio-1.14.1.jar:/Users/rolando/.m2/repository/org/seleniumhq/selenium/selenium-server/3.14.0/selenium-server-3.14.0.jar:/Users/rolando/.m2/repository/org/apache/commons/commons-lang3/3.7/commons-lang3-3.7.jar:/Users/rolando/.m2/repository/org/apache/commons/commons-text/1.1/commons-text-1.1.jar:/Users/rolando/.m2/repository/commons-io/commons-io/2.6/commons-io-2.6.jar:/Users/rolando/.m2/repository/commons-net/commons-net/3.6/commons-net-3.6.jar:/Users/rolando/.m2/repository/net/sourceforge/htmlunit/htmlunit/2.30/htmlunit-2.30.jar:/Users/rolando/.m2/repository/net/sourceforge/htmlunit/htmlunit-core-js/2.28/htmlunit-core-js-2.28.jar:/Users/rolando/.m2/repository/net/sourceforge/htmlunit/htmlunit-cssparser/1.0.0/htmlunit-cssparser-1.0.0.jar:/Users/rolando/.m2/repository/net/sourceforge/htmlunit/neko-htmlunit/2.30/neko-htmlunit-2.30.jar:/Users/rolando/.m2/repository/org/apache/httpcomponents/httpmime/4.5.5/httpmime-4.5.5.jar:/Users/rolando/.m2/repository/net/jcip/jcip-annotations/1.0/jcip-annotations-1.0.jar:/Users/rolando/.m2/repository/org/seleniumhq/selenium/jetty-repacked/9.4.8.v20180619/jetty-repacked-9.4.8.v20180619.jar:/Users/rolando/.m2/repository/org/eclipse/jetty/jetty-client/9.4.8.v20180619/jetty-client-9.4.8.v20180619.jar:/Users/rolando/.m2/repository/org/eclipse/jetty/jetty-http/9.4.8.v20180619/jetty-http-9.4.8.v20180619.jar:/Users/rolando/.m2/repository/org/eclipse/jetty/jetty-io/9.4.8.v20180619/jetty-io-9.4.8.v20180619.jar:/Users/rolando/.m2/repository/org/eclipse/jetty/jetty-util/9.4.8.v20180619/jetty-util-9.4.8.v20180619.jar:/Users/rolando/.m2/repository/org/eclipse/jetty/jetty-xml/9.4.8.v20180619/jetty-xml-9.4.8.v20180619.jar:/Users/rolando/.m2/repository/org/seleniumhq/selenium/htmlunit-driver/2.30.0/htmlunit-driver-2.30.0.jar:/Users/rolando/.m2/repository/javax/servlet/javax.servlet-api/3.1.0/javax.servlet-api-3.1.0.jar:/Users/rolando/.m2/repository/org/eclipse/jetty/websocket/websocket-api/9.4.8.v20180619/websocket-api-9.4.8.v20180619.jar:/Users/rolando/.m2/repository/org/eclipse/jetty/websocket/websocket-client/9.4.8.v20180619/websocket-client-9.4.8.v20180619.jar:/Users/rolando/.m2/repository/org/eclipse/jetty/websocket/websocket-common/9.4.8.v20180619/websocket-common-9.4.8.v20180619.jar:/Users/rolando/.m2/repository/xalan/serializer/2.7.2/serializer-2.7.2.jar:/Users/rolando/.m2/repository/xalan/xalan/2.7.2/xalan-2.7.2.jar:/Users/rolando/.m2/repository/xerces/xercesImpl/2.11.0/xercesImpl-2.11.0.jar:/Users/rolando/.m2/repository/xml-apis/xml-apis/1.4.01/xml-apis-1.4.01.jar:/Users/rolando/.m2/repository/org/yaml/snakeyaml/1.19/snakeyaml-1.19.jar:/Users/rolando/.m2/repository/org/seleniumhq/selenium/selenium-remote-driver/3.14.0/selenium-remote-driver-3.14.0.jar:/Users/rolando/.m2/repository/org/seleniumhq/selenium/selenium-chrome-driver/3.14.0/selenium-chrome-driver-3.14.0.jar:/Users/rolando/.m2/repository/org/seleniumhq/selenium/selenium-firefox-driver/3.14.0/selenium-firefox-driver-3.14.0.jar:/Users/rolando/.m2/repository/org/seleniumhq/selenium/selenium-safari-driver/3.14.0/selenium-safari-driver-3.14.0.jar:/Users/rolando/.m2/repository/org/seleniumhq/selenium/selenium-htmlunit-driver/2.52.0/selenium-htmlunit-driver-2.52.0.jar:/Users/rolando/.m2/repository/commons-collections/commons-collections/3.2.2/commons-collections-3.2.2.jar:/Users/rolando/.m2/repository/io/cucumber/cucumber-java/2.4.0/cucumber-java-2.4.0.jar:/Users/rolando/.m2/repository/io/cucumber/cucumber-core/2.4.0/cucumber-core-2.4.0.jar:/Users/rolando/.m2/repository/info/cukes/cucumber-html/0.2.6/cucumber-html-0.2.6.jar:/Users/rolando/.m2/repository/io/cucumber/cucumber-jvm-deps/1.0.6/cucumber-jvm-deps-1.0.6.jar:/Users/rolando/.m2/repository/io/cucumber/gherkin/5.0.0/gherkin-5.0.0.jar:/Users/rolando/.m2/repository/io/cucumber/tag-expressions/1.1.1/tag-expressions-1.1.1.jar:/Users/rolando/.m2/repository/io/cucumber/cucumber-java8/2.4.0/cucumber-java8-2.4.0.jar:/Users/rolando/.m2/repository/net/jodah/typetools/0.5.0/typetools-0.5.0.jar:/Users/rolando/.m2/repository/io/cucumber/cucumber-junit/2.4.0/cucumber-junit-2.4.0.jar:/Users/rolando/.m2/repository/io/cucumber/cucumber-testng/2.4.0/cucumber-testng-2.4.0.jar:/Users/rolando/.m2/repository/org/assertj/assertj-core/3.11.1/assertj-core-3.11.1.jar:"/>
    <property name="java.vm.vendor" value="Oracle Corporation"/>
    <property name="sun.arch.data.model" value="64"/>
    <property name="java.vendor.url" value="http://java.oracle.com/"/>
    <property name="user.timezone" value=""/>
    <property name="java.vm.specification.version" value="1.8"/>
    <property name="os.name" value="Mac OS X"/>
    <property name="user.country" value="US"/>
    <property name="sun.java.launcher" value="SUN_STANDARD"/>
    <property name="sun.boot.library.path" value="/Library/Java/JavaVirtualMachines/jdk1.8.0_192.jdk/Contents/Home/jre/lib"/>
    <property name="sun.java.command" value="/Users/rolando/git/skryabin/java-webdriver-cucumber/target/surefire/surefirebooter6862348453818052746.jar /Users/rolando/git/skryabin/java-webdriver-cucumber/target/surefire 2018-12-18T15-47-16_064-jvmRun1 surefire1989749416518222713tmp surefire_09084908954245976659tmp"/>
    <property name="surefire.test.class.path" value="/Users/rolando/git/skryabin/java-webdriver-cucumber/target/test-classes:/Users/rolando/git/skryabin/java-webdriver-cucumber/target/classes:/Users/rolando/.m2/repository/junit/junit/4.12/junit-4.12.jar:/Users/rolando/.m2/repository/org/hamcrest/hamcrest-core/1.3/hamcrest-core-1.3.jar:/Users/rolando/.m2/repository/org/apache/maven/surefire/surefire-junit47/3.0.0-M1/surefire-junit47-3.0.0-M1.jar:/Users/rolando/.m2/repository/org/apache/maven/surefire/common-junit48/3.0.0-M1/common-junit48-3.0.0-M1.jar:/Users/rolando/.m2/repository/org/apache/maven/surefire/common-junit4/3.0.0-M1/common-junit4-3.0.0-M1.jar:/Users/rolando/.m2/repository/org/apache/maven/surefire/common-junit3/3.0.0-M1/common-junit3-3.0.0-M1.jar:/Users/rolando/.m2/repository/org/apache/maven/surefire/common-java5/3.0.0-M1/common-java5-3.0.0-M1.jar:/Users/rolando/.m2/repository/org/apache/maven/shared/maven-shared-utils/3.1.0/maven-shared-utils-3.1.0.jar:/Users/rolando/.m2/repository/org/apache/maven/surefire/surefire-grouper/3.0.0-M1/surefire-grouper-3.0.0-M1.jar:/Users/rolando/.m2/repository/org/apache/maven/surefire/surefire-api/3.0.0-M1/surefire-api-3.0.0-M1.jar:/Users/rolando/.m2/repository/org/apache/maven/surefire/surefire-logger-api/3.0.0-M1/surefire-logger-api-3.0.0-M1.jar:/Users/rolando/.m2/repository/org/testng/testng/6.9.10/testng-6.9.10.jar:/Users/rolando/.m2/repository/com/beust/jcommander/1.48/jcommander-1.48.jar:/Users/rolando/.m2/repository/org/beanshell/bsh/2.0b4/bsh-2.0b4.jar:/Users/rolando/.m2/repository/org/seleniumhq/selenium/selenium-java/3.14.0/selenium-java-3.14.0.jar:/Users/rolando/.m2/repository/org/seleniumhq/selenium/selenium-api/3.14.0/selenium-api-3.14.0.jar:/Users/rolando/.m2/repository/org/seleniumhq/selenium/selenium-edge-driver/3.14.0/selenium-edge-driver-3.14.0.jar:/Users/rolando/.m2/repository/org/seleniumhq/selenium/selenium-ie-driver/3.14.0/selenium-ie-driver-3.14.0.jar:/Users/rolando/.m2/repository/org/seleniumhq/selenium/selenium-opera-driver/3.14.0/selenium-opera-driver-3.14.0.jar:/Users/rolando/.m2/repository/org/seleniumhq/selenium/selenium-support/3.14.0/selenium-support-3.14.0.jar:/Users/rolando/.m2/repository/net/bytebuddy/byte-buddy/1.8.15/byte-buddy-1.8.15.jar:/Users/rolando/.m2/repository/org/apache/commons/commons-exec/1.3/commons-exec-1.3.jar:/Users/rolando/.m2/repository/commons-codec/commons-codec/1.10/commons-codec-1.10.jar:/Users/rolando/.m2/repository/commons-logging/commons-logging/1.2/commons-logging-1.2.jar:/Users/rolando/.m2/repository/com/google/guava/guava/25.0-jre/guava-25.0-jre.jar:/Users/rolando/.m2/repository/com/google/code/findbugs/jsr305/1.3.9/jsr305-1.3.9.jar:/Users/rolando/.m2/repository/org/checkerframework/checker-compat-qual/2.0.0/checker-compat-qual-2.0.0.jar:/Users/rolando/.m2/repository/com/google/errorprone/error_prone_annotations/2.1.3/error_prone_annotations-2.1.3.jar:/Users/rolando/.m2/repository/com/google/j2objc/j2objc-annotations/1.1/j2objc-annotations-1.1.jar:/Users/rolando/.m2/repository/org/codehaus/mojo/animal-sniffer-annotations/1.14/animal-sniffer-annotations-1.14.jar:/Users/rolando/.m2/repository/org/apache/httpcomponents/httpclient/4.5.5/httpclient-4.5.5.jar:/Users/rolando/.m2/repository/org/apache/httpcomponents/httpcore/4.4.9/httpcore-4.4.9.jar:/Users/rolando/.m2/repository/com/squareup/okhttp3/okhttp/3.10.0/okhttp-3.10.0.jar:/Users/rolando/.m2/repository/com/squareup/okio/okio/1.14.1/okio-1.14.1.jar:/Users/rolando/.m2/repository/org/seleniumhq/selenium/selenium-server/3.14.0/selenium-server-3.14.0.jar:/Users/rolando/.m2/repository/org/apache/commons/commons-lang3/3.7/commons-lang3-3.7.jar:/Users/rolando/.m2/repository/org/apache/commons/commons-text/1.1/commons-text-1.1.jar:/Users/rolando/.m2/repository/commons-io/commons-io/2.6/commons-io-2.6.jar:/Users/rolando/.m2/repository/commons-net/commons-net/3.6/commons-net-3.6.jar:/Users/rolando/.m2/repository/net/sourceforge/htmlunit/htmlunit/2.30/htmlunit-2.30.jar:/Users/rolando/.m2/repository/net/sourceforge/htmlunit/htmlunit-core-js/2.28/htmlunit-core-js-2.28.jar:/Users/rolando/.m2/repository/net/sourceforge/htmlunit/htmlunit-cssparser/1.0.0/htmlunit-cssparser-1.0.0.jar:/Users/rolando/.m2/repository/net/sourceforge/htmlunit/neko-htmlunit/2.30/neko-htmlunit-2.30.jar:/Users/rolando/.m2/repository/org/apache/httpcomponents/httpmime/4.5.5/httpmime-4.5.5.jar:/Users/rolando/.m2/repository/net/jcip/jcip-annotations/1.0/jcip-annotations-1.0.jar:/Users/rolando/.m2/repository/org/seleniumhq/selenium/jetty-repacked/9.4.8.v20180619/jetty-repacked-9.4.8.v20180619.jar:/Users/rolando/.m2/repository/org/eclipse/jetty/jetty-client/9.4.8.v20180619/jetty-client-9.4.8.v20180619.jar:/Users/rolando/.m2/repository/org/eclipse/jetty/jetty-http/9.4.8.v20180619/jetty-http-9.4.8.v20180619.jar:/Users/rolando/.m2/repository/org/eclipse/jetty/jetty-io/9.4.8.v20180619/jetty-io-9.4.8.v20180619.jar:/Users/rolando/.m2/repository/org/eclipse/jetty/jetty-util/9.4.8.v20180619/jetty-util-9.4.8.v20180619.jar:/Users/rolando/.m2/repository/org/eclipse/jetty/jetty-xml/9.4.8.v20180619/jetty-xml-9.4.8.v20180619.jar:/Users/rolando/.m2/repository/org/seleniumhq/selenium/htmlunit-driver/2.30.0/htmlunit-driver-2.30.0.jar:/Users/rolando/.m2/repository/javax/servlet/javax.servlet-api/3.1.0/javax.servlet-api-3.1.0.jar:/Users/rolando/.m2/repository/org/eclipse/jetty/websocket/websocket-api/9.4.8.v20180619/websocket-api-9.4.8.v20180619.jar:/Users/rolando/.m2/repository/org/eclipse/jetty/websocket/websocket-client/9.4.8.v20180619/websocket-client-9.4.8.v20180619.jar:/Users/rolando/.m2/repository/org/eclipse/jetty/websocket/websocket-common/9.4.8.v20180619/websocket-common-9.4.8.v20180619.jar:/Users/rolando/.m2/repository/xalan/serializer/2.7.2/serializer-2.7.2.jar:/Users/rolando/.m2/repository/xalan/xalan/2.7.2/xalan-2.7.2.jar:/Users/rolando/.m2/repository/xerces/xercesImpl/2.11.0/xercesImpl-2.11.0.jar:/Users/rolando/.m2/repository/xml-apis/xml-apis/1.4.01/xml-apis-1.4.01.jar:/Users/rolando/.m2/repository/org/yaml/snakeyaml/1.19/snakeyaml-1.19.jar:/Users/rolando/.m2/repository/org/seleniumhq/selenium/selenium-remote-driver/3.14.0/selenium-remote-driver-3.14.0.jar:/Users/rolando/.m2/repository/org/seleniumhq/selenium/selenium-chrome-driver/3.14.0/selenium-chrome-driver-3.14.0.jar:/Users/rolando/.m2/repository/org/seleniumhq/selenium/selenium-firefox-driver/3.14.0/selenium-firefox-driver-3.14.0.jar:/Users/rolando/.m2/repository/org/seleniumhq/selenium/selenium-safari-driver/3.14.0/selenium-safari-driver-3.14.0.jar:/Users/rolando/.m2/repository/org/seleniumhq/selenium/selenium-htmlunit-driver/2.52.0/selenium-htmlunit-driver-2.52.0.jar:/Users/rolando/.m2/repository/commons-collections/commons-collections/3.2.2/commons-collections-3.2.2.jar:/Users/rolando/.m2/repository/io/cucumber/cucumber-java/2.4.0/cucumber-java-2.4.0.jar:/Users/rolando/.m2/repository/io/cucumber/cucumber-core/2.4.0/cucumber-core-2.4.0.jar:/Users/rolando/.m2/repository/info/cukes/cucumber-html/0.2.6/cucumber-html-0.2.6.jar:/Users/rolando/.m2/repository/io/cucumber/cucumber-jvm-deps/1.0.6/cucumber-jvm-deps-1.0.6.jar:/Users/rolando/.m2/repository/io/cucumber/gherkin/5.0.0/gherkin-5.0.0.jar:/Users/rolando/.m2/repository/io/cucumber/tag-expressions/1.1.1/tag-expressions-1.1.1.jar:/Users/rolando/.m2/repository/io/cucumber/cucumber-java8/2.4.0/cucumber-java8-2.4.0.jar:/Users/rolando/.m2/repository/net/jodah/typetools/0.5.0/typetools-0.5.0.jar:/Users/rolando/.m2/repository/io/cucumber/cucumber-junit/2.4.0/cucumber-junit-2.4.0.jar:/Users/rolando/.m2/repository/io/cucumber/cucumber-testng/2.4.0/cucumber-testng-2.4.0.jar:/Users/rolando/.m2/repository/org/assertj/assertj-core/3.11.1/assertj-core-3.11.1.jar:"/>
    <property name="sun.cpu.endian" value="little"/>
    <property name="user.home" value="/Users/rolando"/>
    <property name="user.language" value="en"/>
    <property name="java.specification.vendor" value="Oracle Corporation"/>
    <property name="java.home" value="/Library/Java/JavaVirtualMachines/jdk1.8.0_192.jdk/Contents/Home/jre"/>
    <property name="basedir" value="/Users/rolando/git/skryabin/java-webdriver-cucumber"/>
    <property name="file.separator" value="/"/>
    <property name="line.separator" value="&#10;"/>
    <property name="java.vm.specification.vendor" value="Oracle Corporation"/>
    <property name="java.specification.name" value="Java Platform API Specification"/>
    <property name="java.awt.graphicsenv" value="sun.awt.CGraphicsEnvironment"/>
    <property name="surefire.real.class.path" value="/Users/rolando/git/skryabin/java-webdriver-cucumber/target/surefire/surefirebooter6862348453818052746.jar"/>
    <property name="sun.boot.class.path" value="/Library/Java/JavaVirtualMachines/jdk1.8.0_192.jdk/Contents/Home/jre/lib/resources.jar:/Library/Java/JavaVirtualMachines/jdk1.8.0_192.jdk/Contents/Home/jre/lib/rt.jar:/Library/Java/JavaVirtualMachines/jdk1.8.0_192.jdk/Contents/Home/jre/lib/sunrsasign.jar:/Library/Java/JavaVirtualMachines/jdk1.8.0_192.jdk/Contents/Home/jre/lib/jsse.jar:/Library/Java/JavaVirtualMachines/jdk1.8.0_192.jdk/Contents/Home/jre/lib/jce.jar:/Library/Java/JavaVirtualMachines/jdk1.8.0_192.jdk/Contents/Home/jre/lib/charsets.jar:/Library/Java/JavaVirtualMachines/jdk1.8.0_192.jdk/Contents/Home/jre/lib/jfr.jar:/Library/Java/JavaVirtualMachines/jdk1.8.0_192.jdk/Contents/Home/jre/classes"/>
    <property name="sun.management.compiler" value="HotSpot 64-Bit Tiered Compilers"/>
    <property name="java.runtime.version" value="1.8.0_192-b12"/>
    <property name="user.name" value="rolando"/>
    <property name="path.separator" value=":"/>
    <property name="os.version" value="10.14.1"/>
    <property name="java.endorsed.dirs" value="/Library/Java/JavaVirtualMachines/jdk1.8.0_192.jdk/Contents/Home/jre/lib/endorsed"/>
    <property name="java.runtime.name" value="Java(TM) SE Runtime Environment"/>
    <property name="file.encoding" value="UTF-8"/>
    <property name="java.vm.name" value="Java HotSpot(TM) 64-Bit Server VM"/>
    <property name="localRepository" value="/Users/rolando/.m2/repository"/>
    <property name="java.vendor.url.bug" value="http://bugreport.sun.com/bugreport/"/>
    <property name="java.io.tmpdir" value="/var/folders/pn/xwlm4g2533q00rjbsqcc3tlc0000gn/T/"/>
    <property name="java.version" value="1.8.0_192"/>
    <property name="user.dir" value="/Users/rolando/git/skryabin/java-webdriver-cucumber"/>
    <property name="os.arch" value="x86_64"/>
    <property name="threadNumber" value="ThreadNumber_1"/>
    <property name="java.vm.specification.name" value="Java Virtual Machine Specification"/>
    <property name="java.awt.printerjob" value="sun.lwawt.macosx.CPrinterJob"/>
    <property name="sun.os.patch.level" value="unknown"/>
    <property name="java.library.path" value="/Users/rolando/Library/Java/Extensions:/Library/Java/Extensions:/Network/Library/Java/Extensions:/System/Library/Java/Extensions:/usr/lib/java:."/>
    <property name="java.vm.info" value="mixed mode"/>
    <property name="java.vendor" value="Oracle Corporation"/>
    <property name="java.vm.version" value="25.192-b12"/>
    <property name="java.ext.dirs" value="/Users/rolando/Library/Java/Extensions:/Library/Java/JavaVirtualMachines/jdk1.8.0_192.jdk/Contents/Home/jre/lib/ext:/Library/Java/Extensions:/Network/Library/Java/Extensions:/System/Library/Java/Extensions:/usr/lib/java"/>
    <property name="sun.io.unicode.encoding" value="UnicodeBig"/>
    <property name="java.class.version" value="52.0"/>
  </properties>
  <testcase name="Predefined steps for Google" classname="Smoke steps" time="15.06"/>
  <testcase name="Predefined steps for Google" classname="Smoke steps" time="3.597"/>
  <testcase name="Predefined steps for Google" classname="Smoke steps" time="2.548">
    <error message="element not interactable&#10;  (Session info: chrome=71.0.3578.98)&#10;  (Driver info: chromedriver=2.43.600229 (3fae4d0cda5334b4f533bede5a4787f7b832d052),platform=Mac OS X 10.14.1 x86_64) (WARNING: The server did not provide any stacktrace information)&#10;Command duration or timeout: 0 milliseconds&#10;Build info: version: &apos;3.14.0&apos;, revision: &apos;aacccce0&apos;, time: &apos;2018-08-02T20:19:58.91Z&apos;&#10;System info: host: &apos;Rolandos-MacBook-Pro.local&apos;, ip: &apos;fe80:0:0:0:18fd:a9a9:de0c:15b5%en0&apos;, os.name: &apos;Mac OS X&apos;, os.arch: &apos;x86_64&apos;, os.version: &apos;10.14.1&apos;, java.version: &apos;1.8.0_192&apos;&#10;Driver info: org.openqa.selenium.chrome.ChromeDriver&#10;Capabilities {acceptInsecureCerts: false, acceptSslCerts: false, applicationCacheEnabled: false, browserConnectionEnabled: false, browserName: chrome, chrome: {chromedriverVersion: 2.43.600229 (3fae4d0cda5334..., userDataDir: /var/folders/pn/xwlm4g2533q...}, cssSelectorsEnabled: true, databaseEnabled: false, goog:chromeOptions: {debuggerAddress: localhost:55713}, handlesAlerts: true, hasTouchScreen: false, javascriptEnabled: true, locationContextEnabled: true, mobileEmulationEnabled: false, nativeEvents: true, networkConnectionEnabled: false, pageLoadStrategy: normal, platform: MAC, platformName: MAC, rotatable: false, setWindowRect: true, takesHeapSnapshot: true, takesScreenshot: true, unexpectedAlertBehaviour: , unhandledPromptBehavior: , version: 71.0.3578.98, webStorageEnabled: true}&#10;Session ID: e2db4820757ace1e19292008cba11223" type="org.openqa.selenium.ElementNotVisibleException">org.openqa.selenium.ElementNotVisibleException: 
element not interactable
  (Session info: chrome=71.0.3578.98)
  (Driver info: chromedriver=2.43.600229 (3fae4d0cda5334b4f533bede5a4787f7b832d052),platform=Mac OS X 10.14.1 x86_64) (WARNING: The server did not provide any stacktrace information)
Command duration or timeout: 0 milliseconds
Build info: version: '3.14.0', revision: 'aacccce0', time: '2018-08-02T20:19:58.91Z'
System info: host: 'Rolandos-MacBook-Pro.local', ip: 'fe80:0:0:0:18fd:a9a9:de0c:15b5%en0', os.name: 'Mac OS X', os.arch: 'x86_64', os.version: '10.14.1', java.version: '1.8.0_192'
Driver info: org.openqa.selenium.chrome.ChromeDriver
Capabilities {acceptInsecureCerts: false, acceptSslCerts: false, applicationCacheEnabled: false, browserConnectionEnabled: false, browserName: chrome, chrome: {chromedriverVersion: 2.43.600229 (3fae4d0cda5334..., userDataDir: /var/folders/pn/xwlm4g2533q...}, cssSelectorsEnabled: true, databaseEnabled: false, goog:chromeOptions: {debuggerAddress: localhost:55713}, handlesAlerts: true, hasTouchScreen: false, javascriptEnabled: true, locationContextEnabled: true, mobileEmulationEnabled: false, nativeEvents: true, networkConnectionEnabled: false, pageLoadStrategy: normal, platform: MAC, platformName: MAC, rotatable: false, setWindowRect: true, takesHeapSnapshot: true, takesScreenshot: true, unexpectedAlertBehaviour: , unhandledPromptBehavior: , version: 71.0.3578.98, webStorageEnabled: true}
Session ID: e2db4820757ace1e19292008cba11223
</error>
    <system-out><![CDATA[
@predefined
Feature: Smoke steps

  @predefined @predefined1
  Scenario: Predefined steps for Google                                                    &amp#27;[90m# src/test/resources/features/predefined.feature:5&amp#27;[0m
    &amp#27;[32mGiven &amp#27;[0m&amp#27;[32mI open url "&amp#27;[0m&amp#27;[32m&amp#27;[1mhttps://google.com&amp#27;[0m&amp#27;[32m"&amp#27;[0m                                                  &amp#27;[90m# PredefinedStepDefs.iOpenUrl(String)&amp#27;[0m
    &amp#27;[32mThen &amp#27;[0m&amp#27;[32mI should see page title as "&amp#27;[0m&amp#27;[32m&amp#27;[1mGoogle&amp#27;[0m&amp#27;[32m"&amp#27;[0m                                               &amp#27;[90m# PredefinedStepDefs.iShouldSeePageTitleAs(String)&amp#27;[0m
    &amp#27;[32mThen &amp#27;[0m&amp#27;[32melement with xpath "&amp#27;[0m&amp#27;[32m&amp#27;[1m//input[@name='q']&amp#27;[0m&amp#27;[32m" should be present&amp#27;[0m                         &amp#27;[90m# PredefinedStepDefs.elementWithXpathShouldBePresent(String)&amp#27;[0m
    &amp#27;[32mWhen &amp#27;[0m&amp#27;[32mI type "&amp#27;[0m&amp#27;[32m&amp#27;[1mBehavior Driven Development&amp#27;[0m&amp#27;[32m" into element with xpath "&amp#27;[0m&amp#27;[32m&amp#27;[1m//input[@name='q']&amp#27;[0m&amp#27;[32m"&amp#27;[0m &amp#27;[90m# PredefinedStepDefs.iTypeIntoElementWithXpath(String,String)&amp#27;[0m
    &amp#27;[31mThen &amp#27;[0m&amp#27;[31mI click on element with xpath "&amp#27;[0m&amp#27;[31m&amp#27;[1m//*[@name='btnK']&amp#27;[0m&amp#27;[31m"&amp#27;[0m                                 &amp#27;[90m# PredefinedStepDefs.iClickOnElementWithXpath(String)&amp#27;[0m
      &amp#27;[31morg.openqa.selenium.ElementNotVisibleException: element not interactable
  (Session info: chrome=71.0.3578.98)
  (Driver info: chromedriver=2.43.600229 (3fae4d0cda5334b4f533bede5a4787f7b832d052),platform=Mac OS X 10.14.1 x86_64) (WARNING: The server did not provide any stacktrace information)
Command duration or timeout: 0 milliseconds
Build info: version: '3.14.0', revision: 'aacccce0', time: '2018-08-02T20:19:58.91Z'
System info: host: 'Rolandos-MacBook-Pro.local', ip: 'fe80:0:0:0:18fd:a9a9:de0c:15b5%en0', os.name: 'Mac OS X', os.arch: 'x86_64', os.version: '10.14.1', java.version: '1.8.0_192'
Driver info: org.openqa.selenium.chrome.ChromeDriver
Capabilities {acceptInsecureCerts: false, acceptSslCerts: false, applicationCacheEnabled: false, browserConnectionEnabled: false, browserName: chrome, chrome: {chromedriverVersion: 2.43.600229 (3fae4d0cda5334..., userDataDir: /var/folders/pn/xwlm4g2533q...}, cssSelectorsEnabled: true, databaseEnabled: false, goog:chromeOptions: {debuggerAddress: localhost:55713}, handlesAlerts: true, hasTouchScreen: false, javascriptEnabled: true, locationContextEnabled: true, mobileEmulationEnabled: false, nativeEvents: true, networkConnectionEnabled: false, pageLoadStrategy: normal, platform: MAC, platformName: MAC, rotatable: false, setWindowRect: true, takesHeapSnapshot: true, takesScreenshot: true, unexpectedAlertBehaviour: , unhandledPromptBehavior: , version: 71.0.3578.98, webStorageEnabled: true}
Session ID: e2db4820757ace1e19292008cba11223
	at sun.reflect.NativeConstructorAccessorImpl.newInstance0(Native Method)
	at sun.reflect.NativeConstructorAccessorImpl.newInstance(NativeConstructorAccessorImpl.java:62)
	at sun.reflect.DelegatingConstructorAccessorImpl.newInstance(DelegatingConstructorAccessorImpl.java:45)
	at java.lang.reflect.Constructor.newInstance(Constructor.java:423)
	at org.openqa.selenium.remote.ErrorHandler.createThrowable(ErrorHandler.java:214)
	at org.openqa.selenium.remote.ErrorHandler.throwIfResponseFailed(ErrorHandler.java:166)
	at org.openqa.selenium.remote.http.JsonHttpResponseCodec.reconstructValue(JsonHttpResponseCodec.java:40)
	at org.openqa.selenium.remote.http.AbstractHttpResponseCodec.decode(AbstractHttpResponseCodec.java:80)
	at org.openqa.selenium.remote.http.AbstractHttpResponseCodec.decode(AbstractHttpResponseCodec.java:44)
	at org.openqa.selenium.remote.HttpCommandExecutor.execute(HttpCommandExecutor.java:158)
	at org.openqa.selenium.remote.service.DriverCommandExecutor.execute(DriverCommandExecutor.java:83)
	at org.openqa.selenium.remote.RemoteWebDriver.execute(RemoteWebDriver.java:548)
	at org.openqa.selenium.remote.RemoteWebElement.execute(RemoteWebElement.java:276)
	at org.openqa.selenium.remote.RemoteWebElement.click(RemoteWebElement.java:83)
	at definitions.PredefinedStepDefs.iClickOnElementWithXpath(PredefinedStepDefs.java:98)
	at ✽.I click on element with xpath "//*[@name='btnK']"(src/test/resources/features/predefined.feature:10)
&amp#27;[0m
    &amp#27;[36mThen &amp#27;[0m&amp#27;[36mI wait for element with xpath "&amp#27;[0m&amp#27;[36m&amp#27;[1m(//a[@href]&amp#27;[0m&amp#27;[36m" to be present&amp#27;[0m                         &amp#27;[90m# PredefinedStepDefs.iWaitForElementWithXpathToBePresent(String)&amp#27;[0m
    &amp#27;[36mThen &amp#27;[0m&amp#27;[36melement with xpath "&amp#27;[0m&amp#27;[36m&amp#27;[1m//*[@id='ires']&amp#27;[0m&amp#27;[36m" should contain text "&amp#27;[0m&amp#27;[36m&amp#27;[1mCucumber&amp#27;[0m&amp#27;[36m"&amp#27;[0m               &amp#27;[90m# PredefinedStepDefs.elementWithXpathShouldContainText(String,String)&amp#27;[0m
]]></system-out>
    <system-err><![CDATA[Starting ChromeDriver 2.43.600229 (3fae4d0cda5334b4f533bede5a4787f7b832d052) on port 2859
Only local connections are allowed.
Dec 18, 2018 3:48:08 PM org.openqa.selenium.remote.ProtocolHandshake createSession
INFO: Detected dialect: OSS
]]></system-err>
  </testcase>
  <testcase name="Predefined steps for Yahoo" classname="Smoke steps" time="5.695"/>
  <testcase name="Submit required fields" classname="Smoke steps" time="2.723"/>
  <testcase name="Initial Java scenario" classname="Java Feature" time="0.976"/>
  <testcase name="Validate desktop UI behavior" classname="lab" time="2.28"/>
  <testcase name="User name" classname="lab" time="1.982"/>
  <testcase name="email" classname="lab" time="3.053">
    <failure message="expected:&lt;[tru]e&gt; but was:&lt;[fals]e&gt;" type="org.junit.ComparisonFailure"><![CDATA[org.junit.ComparisonFailure: expected:<[tru]e> but was:<[fals]e>
]]></failure>
    <system-out><![CDATA[
  @sample @sample3
  Scenario: email                                                                    &amp#27;[90m# src/test/resources/features/lab.feature:26&amp#27;[0m
    &amp#27;[32mGiven &amp#27;[0m&amp#27;[32mI open url "&amp#27;[0m&amp#27;[32m&amp#27;[1mhttps://skryabin.com/webdriver/html/sample.html&amp#27;[0m&amp#27;[32m"&amp#27;[0m               &amp#27;[90m# PredefinedStepDefs.iOpenUrl(String)&amp#27;[0m
    &amp#27;[32mWhen &amp#27;[0m&amp#27;[32mI type "&amp#27;[0m&amp#27;[32m&amp#27;[1mbatman@gotham.com&amp#27;[0m&amp#27;[32m" into element with xpath "&amp#27;[0m&amp#27;[32m&amp#27;[1m//input[@name='email']&amp#27;[0m&amp#27;[32m"&amp#27;[0m &amp#27;[90m# PredefinedStepDefs.iTypeIntoElementWithXpath(String,String)&amp#27;[0m
    &amp#27;[32mAnd &amp#27;[0m&amp#27;[32mI click on element with xpath "&amp#27;[0m&amp#27;[32m&amp#27;[1m//input[@name='password']&amp#27;[0m&amp#27;[32m"&amp#27;[0m                    &amp#27;[90m# PredefinedStepDefs.iClickOnElementWithXpath(String)&amp#27;[0m
    &amp#27;[32mThen &amp#27;[0m&amp#27;[32melement with xpath "&amp#27;[0m&amp#27;[32m&amp#27;[1m//*[@id='email-error']&amp#27;[0m&amp#27;[32m" should not be present&amp#27;[0m           &amp#27;[90m# PredefinedStepDefs.elementWithXpathShouldNotBePresent(String)&amp#27;[0m
    &amp#27;[32mWhen &amp#27;[0m&amp#27;[32mI type "&amp#27;[0m&amp#27;[32m&amp#27;[1mi.c&amp#27;[0m&amp#27;[32m" into element with xpath "&amp#27;[0m&amp#27;[32m&amp#27;[1m//input[@name='email']&amp#27;[0m&amp#27;[32m"&amp#27;[0m               &amp#27;[90m# PredefinedStepDefs.iTypeIntoElementWithXpath(String,String)&amp#27;[0m
    &amp#27;[32mAnd &amp#27;[0m&amp#27;[32mI click on element with xpath "&amp#27;[0m&amp#27;[32m&amp#27;[1m//input[@name='password']&amp#27;[0m&amp#27;[32m"&amp#27;[0m                    &amp#27;[90m# PredefinedStepDefs.iClickOnElementWithXpath(String)&amp#27;[0m
    &amp#27;[31mThen &amp#27;[0m&amp#27;[31melement with xpath "&amp#27;[0m&amp#27;[31m&amp#27;[1m//*[@id='email-error']&amp#27;[0m&amp#27;[31m" should be displayed&amp#27;[0m             &amp#27;[90m# PredefinedStepDefs.elementWithXpathShouldBeDisplayed(String)&amp#27;[0m
      &amp#27;[31morg.junit.ComparisonFailure: expected:<[tru]e> but was:<[fals]e>
	at sun.reflect.NativeConstructorAccessorImpl.newInstance0(Native Method)
	at sun.reflect.NativeConstructorAccessorImpl.newInstance(NativeConstructorAccessorImpl.java:62)
	at sun.reflect.DelegatingConstructorAccessorImpl.newInstance(DelegatingConstructorAccessorImpl.java:45)
	at definitions.PredefinedStepDefs.elementWithXpathShouldBeDisplayed(PredefinedStepDefs.java:63)
	at ✽.element with xpath "//*[@id='email-error']" should be displayed(src/test/resources/features/lab.feature:34)
&amp#27;[0m
]]></system-out>
    <system-err><![CDATA[Starting ChromeDriver 2.43.600229 (3fae4d0cda5334b4f533bede5a4787f7b832d052) on port 1867
Only local connections are allowed.
Dec 18, 2018 3:47:50 PM org.openqa.selenium.remote.ProtocolHandshake createSession
INFO: Detected dialect: OSS
]]></system-err>
  </testcase>
  <testcase name="password" classname="lab" time="2.016"/>
  <testcase name="Name dialog" classname="lab" time="2.257"/>
  <testcase name="Required privacy" classname="lab" time="1.987"/>
  <testcase name="Optional items to enter" classname="lab" time="2.311"/>
  <testcase name="Submit required fields" classname="lab" time="2.942"/>
  <testcase name="datepicker" classname="lab" time="2.262"/>
  <testcase name="iframes" classname="lab" time="2.048"/>
  <testcase name="Predefined steps for yahoo" classname="Smoke steps" time="5.599"/>
  <testcase name="Predefined steps for bing" classname="Smoke steps" time="2.855"/>
  <testcase name="Predefined steps for duckduckgo" classname="Smoke steps" time="2.762"/>
  <testcase name="Predefined steps for swisscows" classname="Smoke steps" time="4.341"/>
  <testcase name="Predefined steps for searchencrypt" classname="Smoke steps" time="4.635"/>
</testsuite>